d:\projects\visual studio\mini-video-processor\x64\debug\vc143.pdb
d:\projects\visual studio\mini-video-processor\x64\debug\vc143.idb
d:\projects\visual studio\mini-video-processor\x64\debug\util.obj
d:\projects\visual studio\mini-video-processor\x64\debug\mvp.obj
d:\projects\visual studio\mini-video-processor\x64\debug\main.obj
d:\projects\visual studio\mini-video-processor\x64\debug\xgetopt.obj
d:\projects\visual studio\mini-video-processor\x64\debug\mini-video-processor.ilk
d:\projects\visual studio\mini-video-processor\x64\debug\mini-video-processor.exe
d:\projects\visual studio\mini-video-processor\x64\debug\mini-video-processor.pdb
d:\projects\visual studio\mini-video-processor\x64\debug\jsoncpp.dll
d:\github\repositories\mini-video-processor\x64\debug\main.obj
d:\github\repositories\mini-video-processor\x64\debug\mvp.obj
d:\github\repositories\mini-video-processor\x64\debug\util.obj
d:\github\repositories\mini-video-processor\x64\debug\xgetopt.obj
d:\github\repositories\mini-video-processor\x64\debug\mini-video-processor.ilk
d:\github\repositories\mini-video-processor\x64\debug\vc143.idb
d:\github\repositories\mini-video-processor\x64\debug\mini-video-processor.pdb
d:\github\repositories\mini-video-processor\x64\debug\vc143.pdb
d:\github\repositories\mini-video-processor\x64\debug\mini-video-processor.exe
d:\github\repositories\mini-video-processor\x64\debug\mini-vid.189c4a2f.tlog\cl.command.1.tlog
d:\github\repositories\mini-video-processor\x64\debug\mini-vid.189c4a2f.tlog\cl.read.1.tlog
d:\github\repositories\mini-video-processor\x64\debug\mini-vid.189c4a2f.tlog\cl.write.1.tlog
d:\github\repositories\mini-video-processor\x64\debug\mini-vid.189c4a2f.tlog\link.command.1.tlog
d:\github\repositories\mini-video-processor\x64\debug\mini-vid.189c4a2f.tlog\link.read.1.tlog
d:\github\repositories\mini-video-processor\x64\debug\mini-vid.189c4a2f.tlog\link.write.1.tlog
d:\github\repositories\mini-video-processor\x64\debug\mini-vid.189c4a2f.tlog\mini-video-processor.write.1u.tlog
