The system is: Windows - 10.0.19043 - AMD64
Compiling the C compiler identification source file "CMakeCCompilerId.c" succeeded.
Compiler: D:/Visual Studio 2022/VC/Tools/MSVC/14.33.31629/bin/Hostx64/x64/cl.exe 
Build flags: 
Id flags:  

The output was:
0
用于 x64 的 Microsoft (R) C/C++ 优化编译器 19.33.31630 版
版权所有(C) Microsoft Corporation。保留所有权利。

CMakeCCompilerId.c
Microsoft (R) Incremental Linker Version 14.33.31630.0
Copyright (C) Microsoft Corporation.  All rights reserved.

/out:CMakeCCompilerId.exe 
CMakeCCompilerId.obj 


Compilation of the C compiler identification source "CMakeCCompilerId.c" produced "CMakeCCompilerId.exe"

Compilation of the C compiler identification source "CMakeCCompilerId.c" produced "CMakeCCompilerId.obj"

The C compiler identification is MSVC, found in "D:/Projects/Visual Studio/Mini-Video-Processor/build/bin/x64-release/CMakeFiles/3.23.22060601-MSVC_2/CompilerIdC/CMakeCCompilerId.exe"

Compiling the CXX compiler identification source file "CMakeCXXCompilerId.cpp" succeeded.
Compiler: D:/Visual Studio 2022/VC/Tools/MSVC/14.33.31629/bin/Hostx64/x64/cl.exe 
Build flags: 
Id flags:  

The output was:
0
用于 x64 的 Microsoft (R) C/C++ 优化编译器 19.33.31630 版
版权所有(C) Microsoft Corporation。保留所有权利。

CMakeCXXCompilerId.cpp
Microsoft (R) Incremental Linker Version 14.33.31630.0
Copyright (C) Microsoft Corporation.  All rights reserved.

/out:CMakeCXXCompilerId.exe 
CMakeCXXCompilerId.obj 


Compilation of the CXX compiler identification source "CMakeCXXCompilerId.cpp" produced "CMakeCXXCompilerId.exe"

Compilation of the CXX compiler identification source "CMakeCXXCompilerId.cpp" produced "CMakeCXXCompilerId.obj"

The CXX compiler identification is MSVC, found in "D:/Projects/Visual Studio/Mini-Video-Processor/build/bin/x64-release/CMakeFiles/3.23.22060601-MSVC_2/CompilerIdCXX/CMakeCXXCompilerId.exe"

Detecting C compiler ABI info compiled with the following output:
Change Dir: D:/Projects/Visual Studio/Mini-Video-Processor/build/bin/x64-release/CMakeFiles/CMakeTmp

Run Build Command(s):D:/Visual Studio 2022/Common7/IDE/CommonExtensions/Microsoft/CMake/Ninja/ninja.exe cmTC_b7a78 && [1/2] Building C object CMakeFiles\cmTC_b7a78.dir\CMakeCCompilerABI.c.obj
[2/2] Linking C executable cmTC_b7a78.exe



Detecting CXX compiler ABI info compiled with the following output:
Change Dir: D:/Projects/Visual Studio/Mini-Video-Processor/build/bin/x64-release/CMakeFiles/CMakeTmp

Run Build Command(s):D:/Visual Studio 2022/Common7/IDE/CommonExtensions/Microsoft/CMake/Ninja/ninja.exe cmTC_51535 && [1/2] Building CXX object CMakeFiles\cmTC_51535.dir\CMakeCXXCompilerABI.cpp.obj
[2/2] Linking CXX executable cmTC_51535.exe



